<component name="libraryTable">
  <library name="junit-4.6">
    <CLASSES>
      <root url="jar://$PROJECT_DIR$/junit-4.6.jar!/" />
    </CLASSES>
    <JAVADOC />
    <SOURCES />
  </library>
</component>